{
  message: 'DB Connection Done',
  level: 'info',
  label: 'right meow!',
  timestamp: '2023-06-18T09:40:38.580Z'
}
{
  message: 'Application listening on port 5000',
  level: 'info',
  label: 'right meow!',
  timestamp: '2023-06-18T09:40:38.588Z'
}
{
  message: 'DB Connection Done',
  level: 'info',
  label: 'right meow!',
  timestamp: '2023-06-18T09:40:52.092Z'
}
{
  message: 'Application listening on port 5000',
  level: 'info',
  label: 'right meow!',
  timestamp: '2023-06-18T09:40:52.099Z'
}
