{
  message: 'DB Connection Done',
  level: 'info',
  label: 'right meow!',
  timestamp: '2023-06-18T08:06:09.678Z'
}
{
  message: 'Application listening on port 5000',
  level: 'info',
  label: 'right meow!',
  timestamp: '2023-06-18T08:06:09.684Z'
}
{
  message: 'DB Connection Done',
  level: 'info',
  label: 'right meow!',
  timestamp: '2023-06-18T08:26:05.836Z'
}
{
  message: 'Application listening on port 5000',
  level: 'info',
  label: 'right meow!',
  timestamp: '2023-06-18T08:26:05.843Z'
}
{
  message: 'DB Connection Done',
  level: 'info',
  label: 'right meow!',
  timestamp: '2023-06-18T08:26:47.165Z'
}
{
  message: 'Application listening on port 5000',
  level: 'info',
  label: 'right meow!',
  timestamp: '2023-06-18T08:26:47.171Z'
}
{
  message: 'DB Connection Done',
  level: 'info',
  label: 'right meow!',
  timestamp: '2023-06-18T08:28:07.010Z'
}
{
  message: 'Application listening on port 5000',
  level: 'info',
  label: 'right meow!',
  timestamp: '2023-06-18T08:28:07.018Z'
}
{
  message: 'DB Connection Done',
  level: 'info',
  label: 'right meow!',
  timestamp: '2023-06-18T08:29:26.098Z'
}
{
  message: 'Application listening on port 5000',
  level: 'info',
  label: 'right meow!',
  timestamp: '2023-06-18T08:29:26.105Z'
}
{
  message: 'DB Connection Done',
  level: 'info',
  label: 'right meow!',
  timestamp: '2023-06-18T08:29:42.937Z'
}
{
  message: 'Application listening on port 5000',
  level: 'info',
  label: 'right meow!',
  timestamp: '2023-06-18T08:29:42.944Z'
}
{
  message: 'DB Connection Done',
  level: 'info',
  label: 'right meow!',
  timestamp: '2023-06-18T08:29:53.078Z'
}
{
  message: 'Application listening on port 5000',
  level: 'info',
  label: 'right meow!',
  timestamp: '2023-06-18T08:29:53.084Z'
}
{
  message: 'DB Connection Done',
  level: 'info',
  label: 'right meow!',
  timestamp: '2023-06-18T08:31:36.810Z'
}
{
  message: 'Application listening on port 5000',
  level: 'info',
  label: 'right meow!',
  timestamp: '2023-06-18T08:31:36.817Z'
}
{
  message: 'DB Connection Done',
  level: 'info',
  label: 'right meow!',
  timestamp: '2023-06-18T08:42:09.591Z'
}
{
  message: 'Application listening on port 5000',
  level: 'info',
  label: 'right meow!',
  timestamp: '2023-06-18T08:42:09.597Z'
}
{
  message: 'DB Connection Done',
  level: 'info',
  label: 'right meow!',
  timestamp: '2023-06-18T08:42:30.994Z'
}
{
  message: 'Application listening on port 5000',
  level: 'info',
  label: 'right meow!',
  timestamp: '2023-06-18T08:42:31.002Z'
}
{
  message: 'DB Connection Done',
  level: 'info',
  label: 'right meow!',
  timestamp: '2023-06-18T08:42:37.062Z'
}
{
  message: 'Application listening on port 5000',
  level: 'info',
  label: 'right meow!',
  timestamp: '2023-06-18T08:42:37.071Z'
}
{
  message: 'DB Connection Done',
  level: 'info',
  label: 'right meow!',
  timestamp: '2023-06-18T08:48:38.710Z'
}
{
  message: 'Application listening on port 5000',
  level: 'info',
  label: 'right meow!',
  timestamp: '2023-06-18T08:48:38.717Z'
}
