{
  message: 'DB Connection Done',
  level: 'info',
  label: 'right meow!',
  timestamp: '2023-07-02T18:02:58.688Z'
}
{
  message: 'Application listening on port 5000',
  level: 'info',
  label: 'right meow!',
  timestamp: '2023-07-02T18:02:58.695Z'
}
{
  message: 'DB Connection Done',
  level: 'info',
  label: 'right meow!',
  timestamp: '2023-07-02T18:19:39.039Z'
}
{
  message: 'Application listening on port 5000',
  level: 'info',
  label: 'right meow!',
  timestamp: '2023-07-02T18:19:39.046Z'
}
