{
  message: 'DB Connection Done',
  level: 'info',
  label: 'right meow!',
  timestamp: '2023-07-05T04:42:24.298Z'
}
{
  message: 'Application listening on port 5000',
  level: 'info',
  label: 'right meow!',
  timestamp: '2023-07-05T04:42:24.304Z'
}
{
  message: 'DB Connection Done',
  level: 'info',
  label: 'right meow!',
  timestamp: '2023-07-05T04:44:32.821Z'
}
{
  message: 'Application listening on port 5000',
  level: 'info',
  label: 'right meow!',
  timestamp: '2023-07-05T04:44:32.829Z'
}
