{
  message: 'DB Connection Done',
  level: 'info',
  label: 'right meow!',
  timestamp: '2023-06-30T05:05:07.367Z'
}
{
  message: 'Application listening on port 5000',
  level: 'info',
  label: 'right meow!',
  timestamp: '2023-06-30T05:05:07.383Z'
}
{
  message: 'DB Connection Done',
  level: 'info',
  label: 'right meow!',
  timestamp: '2023-06-30T05:39:55.977Z'
}
{
  message: 'Application listening on port 5000',
  level: 'info',
  label: 'right meow!',
  timestamp: '2023-06-30T05:39:56.000Z'
}
{
  message: 'DB Connection Done',
  level: 'info',
  label: 'right meow!',
  timestamp: '2023-06-30T05:40:00.487Z'
}
{
  message: 'Application listening on port 5000',
  level: 'info',
  label: 'right meow!',
  timestamp: '2023-06-30T05:40:00.499Z'
}
{
  message: 'DB Connection Done',
  level: 'info',
  label: 'right meow!',
  timestamp: '2023-06-30T05:41:16.893Z'
}
{
  message: 'Application listening on port 5000',
  level: 'info',
  label: 'right meow!',
  timestamp: '2023-06-30T05:41:16.906Z'
}
{
  message: 'DB Connection Done',
  level: 'info',
  label: 'right meow!',
  timestamp: '2023-06-30T05:42:44.366Z'
}
{
  message: 'Application listening on port 5000',
  level: 'info',
  label: 'right meow!',
  timestamp: '2023-06-30T05:42:44.385Z'
}
{
  message: 'DB Connection Done',
  level: 'info',
  label: 'right meow!',
  timestamp: '2023-06-30T05:42:56.722Z'
}
{
  message: 'Application listening on port 5000',
  level: 'info',
  label: 'right meow!',
  timestamp: '2023-06-30T05:42:56.742Z'
}
{
  message: 'DB Connection Done',
  level: 'info',
  label: 'right meow!',
  timestamp: '2023-06-30T05:45:55.749Z'
}
{
  message: 'Application listening on port 5000',
  level: 'info',
  label: 'right meow!',
  timestamp: '2023-06-30T05:45:55.760Z'
}
{
  message: 'DB Connection Done',
  level: 'info',
  label: 'right meow!',
  timestamp: '2023-06-30T05:46:00.393Z'
}
{
  message: 'Application listening on port 5000',
  level: 'info',
  label: 'right meow!',
  timestamp: '2023-06-30T05:46:00.403Z'
}
{
  message: 'DB Connection Done',
  level: 'info',
  label: 'right meow!',
  timestamp: '2023-06-30T05:46:32.904Z'
}
{
  message: 'Application listening on port 5000',
  level: 'info',
  label: 'right meow!',
  timestamp: '2023-06-30T05:46:32.921Z'
}
{
  message: 'DB Connection Done',
  level: 'info',
  label: 'right meow!',
  timestamp: '2023-06-30T05:48:28.319Z'
}
{
  message: 'Application listening on port 5000',
  level: 'info',
  label: 'right meow!',
  timestamp: '2023-06-30T05:48:28.332Z'
}
{
  message: 'DB Connection Done',
  level: 'info',
  label: 'right meow!',
  timestamp: '2023-06-30T05:51:43.433Z'
}
{
  message: 'Application listening on port 5000',
  level: 'info',
  label: 'right meow!',
  timestamp: '2023-06-30T05:51:43.446Z'
}
{
  message: 'DB Connection Done',
  level: 'info',
  label: 'right meow!',
  timestamp: '2023-06-30T05:52:22.581Z'
}
{
  message: 'Application listening on port 5000',
  level: 'info',
  label: 'right meow!',
  timestamp: '2023-06-30T05:52:22.601Z'
}
{
  message: 'DB Connection Done',
  level: 'info',
  label: 'right meow!',
  timestamp: '2023-06-30T05:52:46.858Z'
}
{
  message: 'Application listening on port 5000',
  level: 'info',
  label: 'right meow!',
  timestamp: '2023-06-30T05:52:46.868Z'
}
{
  message: 'DB Connection Done',
  level: 'info',
  label: 'right meow!',
  timestamp: '2023-06-30T05:53:00.976Z'
}
{
  message: 'Application listening on port 5000',
  level: 'info',
  label: 'right meow!',
  timestamp: '2023-06-30T05:53:00.991Z'
}
{
  message: 'DB Connection Done',
  level: 'info',
  label: 'right meow!',
  timestamp: '2023-06-30T05:54:46.767Z'
}
{
  message: 'Application listening on port 5000',
  level: 'info',
  label: 'right meow!',
  timestamp: '2023-06-30T05:54:46.778Z'
}
{
  message: 'DB Connection Done',
  level: 'info',
  label: 'right meow!',
  timestamp: '2023-06-30T05:54:58.753Z'
}
{
  message: 'Application listening on port 5000',
  level: 'info',
  label: 'right meow!',
  timestamp: '2023-06-30T05:54:58.768Z'
}
{
  message: 'DB Connection Done',
  level: 'info',
  label: 'right meow!',
  timestamp: '2023-06-30T05:57:05.705Z'
}
{
  message: 'Application listening on port 5000',
  level: 'info',
  label: 'right meow!',
  timestamp: '2023-06-30T05:57:05.725Z'
}
